{"/Users/mcparron/workspace/react-pretty-input/src/components/PrettyInputText.spec.js":{"path":"/Users/mcparron/workspace/react-pretty-input/src/components/PrettyInputText.spec.js","s":{"1":1,"2":1,"3":1,"4":1,"5":1,"6":1,"7":1,"8":1,"9":1,"10":1,"11":1,"12":1,"13":1,"14":1,"15":1,"16":1,"17":1,"18":1,"19":1,"20":1,"21":1,"22":1,"23":1,"24":1,"25":1,"26":1,"27":1,"28":1,"29":1,"30":1,"31":1,"32":1,"33":1,"34":1,"35":1,"36":1,"37":1,"38":1,"39":1,"40":1,"41":1,"42":0,"43":1,"44":1,"45":1,"46":1,"47":1,"48":1,"49":1,"50":1,"51":1,"52":1,"53":1,"54":1,"55":1,"56":1,"57":1,"58":1,"59":1,"60":1,"61":1,"62":2,"63":1,"64":1,"65":1,"66":1,"67":1,"68":1,"69":1,"70":1,"71":1,"72":1,"73":1,"74":1,"75":1,"76":1,"77":1,"78":1,"79":1,"80":1,"81":1,"82":1,"83":1,"84":1,"85":1,"86":1,"87":1,"88":1,"89":1},"b":{"1":[0,1],"2":[1,1],"3":[0,0],"4":[1,1]},"f":{"1":1,"2":1,"3":4,"4":1,"5":1,"6":1,"7":1,"8":0,"9":0,"10":0,"11":1,"12":1,"13":2,"14":2,"15":0},"fnMap":{"1":{"name":"_interopRequireDefault","line":9,"loc":{"start":{"line":0,"column":0},"end":{"line":0,"column":0},"skip":true},"skip":true},"2":{"name":"(anonymous_2)","line":11,"loc":{"start":{"line":5,"column":32},"end":{"line":5,"column":38}}},"3":{"name":"(anonymous_3)","line":13,"loc":{"start":{"line":7,"column":15},"end":{"line":7,"column":21}}},"4":{"name":"(anonymous_4)","line":15,"loc":{"start":{"line":11,"column":22},"end":{"line":11,"column":28}}},"5":{"name":"(anonymous_5)","line":16,"loc":{"start":{"line":12,"column":28},"end":{"line":12,"column":34}}},"6":{"name":"(anonymous_6)","line":37,"loc":{"start":{"line":35,"column":49},"end":{"line":35,"column":55}}},"7":{"name":"(anonymous_7)","line":57,"loc":{"start":{"line":57,"column":45},"end":{"line":57,"column":51}}},"8":{"name":"onValidation","line":66,"loc":{"start":{"line":67,"column":34},"end":{"line":67,"column":34}}},"9":{"name":"onChange","line":69,"loc":{"start":{"line":68,"column":30},"end":{"line":68,"column":35}}},"10":{"name":"onKeyPress","line":70,"loc":{"start":{"line":69,"column":32},"end":{"line":69,"column":37}}},"11":{"name":"(anonymous_11)","line":92,"loc":{"start":{"line":93,"column":27},"end":{"line":93,"column":33}}},"12":{"name":"(anonymous_12)","line":93,"loc":{"start":{"line":94,"column":29},"end":{"line":94,"column":35}}},"13":{"name":"onValidation","line":104,"loc":{"start":{"line":106,"column":34},"end":{"line":106,"column":34}}},"14":{"name":"onChange","line":107,"loc":{"start":{"line":107,"column":30},"end":{"line":107,"column":35}}},"15":{"name":"onKeyPress","line":108,"loc":{"start":{"line":108,"column":32},"end":{"line":108,"column":37}}}},"statementMap":{"1":{"start":{"line":2,"column":0},"end":{"line":2,"column":0}},"2":{"start":{"line":0,"column":0},"end":{"line":0,"column":0},"skip":true},"3":{"start":{"line":3,"column":0},"end":{"line":3,"column":0}},"4":{"start":{"line":0,"column":0},"end":{"line":0,"column":0},"skip":true},"5":{"start":{"line":0,"column":0},"end":{"line":0,"column":0},"skip":true},"6":{"start":{"line":5,"column":0},"end":{"line":5,"column":0}},"7":{"start":{"line":7,"column":4},"end":{"line":7,"column":4}},"8":{"start":{"line":11,"column":4},"end":{"line":11,"column":4}},"9":{"start":{"line":12,"column":8},"end":{"line":12,"column":8}},"10":{"start":{"line":13,"column":12},"end":{"line":13,"column":12}},"11":{"start":{"line":19,"column":12},"end":{"line":19,"column":12}},"12":{"start":{"line":20,"column":12},"end":{"line":20,"column":12}},"13":{"start":{"line":21,"column":12},"end":{"line":21,"column":12}},"14":{"start":{"line":22,"column":12},"end":{"line":22,"column":12}},"15":{"start":{"line":23,"column":12},"end":{"line":23,"column":12}},"16":{"start":{"line":24,"column":12},"end":{"line":24,"column":12}},"17":{"start":{"line":25,"column":12},"end":{"line":25,"column":12}},"18":{"start":{"line":26,"column":12},"end":{"line":26,"column":12}},"19":{"start":{"line":27,"column":12},"end":{"line":27,"column":12}},"20":{"start":{"line":28,"column":12},"end":{"line":28,"column":12}},"21":{"start":{"line":29,"column":12},"end":{"line":29,"column":12}},"22":{"start":{"line":30,"column":12},"end":{"line":30,"column":12}},"23":{"start":{"line":31,"column":12},"end":{"line":31,"column":12}},"24":{"start":{"line":32,"column":12},"end":{"line":32,"column":12}},"25":{"start":{"line":35,"column":8},"end":{"line":35,"column":8}},"26":{"start":{"line":36,"column":12},"end":{"line":36,"column":12}},"27":{"start":{"line":42,"column":12},"end":{"line":42,"column":12}},"28":{"start":{"line":43,"column":12},"end":{"line":43,"column":12}},"29":{"start":{"line":44,"column":12},"end":{"line":44,"column":12}},"30":{"start":{"line":45,"column":12},"end":{"line":45,"column":12}},"31":{"start":{"line":46,"column":12},"end":{"line":46,"column":12}},"32":{"start":{"line":47,"column":12},"end":{"line":47,"column":12}},"33":{"start":{"line":48,"column":12},"end":{"line":48,"column":12}},"34":{"start":{"line":49,"column":12},"end":{"line":49,"column":12}},"35":{"start":{"line":50,"column":12},"end":{"line":50,"column":12}},"36":{"start":{"line":51,"column":12},"end":{"line":51,"column":12}},"37":{"start":{"line":52,"column":12},"end":{"line":52,"column":12}},"38":{"start":{"line":53,"column":12},"end":{"line":53,"column":12}},"39":{"start":{"line":54,"column":12},"end":{"line":54,"column":12}},"40":{"start":{"line":57,"column":8},"end":{"line":57,"column":8}},"41":{"start":{"line":58,"column":12},"end":{"line":58,"column":12}},"42":{"start":{"line":67,"column":34},"end":{"line":67,"column":34}},"43":{"start":{"line":75,"column":12},"end":{"line":75,"column":12}},"44":{"start":{"line":76,"column":12},"end":{"line":76,"column":12}},"45":{"start":{"line":77,"column":12},"end":{"line":77,"column":12}},"46":{"start":{"line":78,"column":12},"end":{"line":78,"column":12}},"47":{"start":{"line":79,"column":12},"end":{"line":79,"column":12}},"48":{"start":{"line":80,"column":12},"end":{"line":80,"column":12}},"49":{"start":{"line":81,"column":12},"end":{"line":81,"column":12}},"50":{"start":{"line":82,"column":12},"end":{"line":82,"column":12}},"51":{"start":{"line":83,"column":12},"end":{"line":83,"column":12}},"52":{"start":{"line":84,"column":12},"end":{"line":84,"column":12}},"53":{"start":{"line":85,"column":12},"end":{"line":85,"column":12}},"54":{"start":{"line":86,"column":12},"end":{"line":86,"column":12}},"55":{"start":{"line":87,"column":12},"end":{"line":87,"column":12}},"56":{"start":{"line":88,"column":12},"end":{"line":88,"column":12}},"57":{"start":{"line":93,"column":4},"end":{"line":93,"column":4}},"58":{"start":{"line":94,"column":8},"end":{"line":94,"column":8}},"59":{"start":{"line":95,"column":12},"end":{"line":95,"column":12}},"60":{"start":{"line":96,"column":12},"end":{"line":96,"column":12}},"61":{"start":{"line":97,"column":12},"end":{"line":97,"column":12}},"62":{"start":{"line":106,"column":34},"end":{"line":106,"column":34}},"63":{"start":{"line":114,"column":12},"end":{"line":114,"column":12}},"64":{"start":{"line":115,"column":12},"end":{"line":115,"column":12}},"65":{"start":{"line":116,"column":12},"end":{"line":116,"column":12}},"66":{"start":{"line":117,"column":12},"end":{"line":117,"column":12}},"67":{"start":{"line":119,"column":12},"end":{"line":119,"column":12}},"68":{"start":{"line":120,"column":12},"end":{"line":120,"column":12}},"69":{"start":{"line":121,"column":12},"end":{"line":121,"column":12}},"70":{"start":{"line":122,"column":12},"end":{"line":122,"column":12}},"71":{"start":{"line":123,"column":12},"end":{"line":123,"column":12}},"72":{"start":{"line":125,"column":12},"end":{"line":125,"column":12}},"73":{"start":{"line":126,"column":12},"end":{"line":126,"column":12}},"74":{"start":{"line":127,"column":12},"end":{"line":127,"column":12}},"75":{"start":{"line":128,"column":12},"end":{"line":128,"column":12}},"76":{"start":{"line":129,"column":12},"end":{"line":129,"column":12}},"77":{"start":{"line":130,"column":12},"end":{"line":130,"column":12}},"78":{"start":{"line":131,"column":12},"end":{"line":131,"column":12}},"79":{"start":{"line":133,"column":12},"end":{"line":133,"column":12}},"80":{"start":{"line":134,"column":12},"end":{"line":134,"column":12}},"81":{"start":{"line":135,"column":12},"end":{"line":135,"column":12}},"82":{"start":{"line":137,"column":12},"end":{"line":137,"column":12}},"83":{"start":{"line":138,"column":12},"end":{"line":138,"column":12}},"84":{"start":{"line":139,"column":12},"end":{"line":139,"column":12}},"85":{"start":{"line":140,"column":12},"end":{"line":140,"column":12}},"86":{"start":{"line":141,"column":12},"end":{"line":141,"column":12}},"87":{"start":{"line":143,"column":12},"end":{"line":143,"column":12}},"88":{"start":{"line":144,"column":12},"end":{"line":144,"column":12}},"89":{"start":{"line":145,"column":12},"end":{"line":145,"column":12}}},"branchMap":{"1":{"line":9,"type":"cond-expr","locations":[{"start":{"line":0,"column":0},"end":{"line":0,"column":0},"skip":true},{"start":{"line":0,"column":0},"end":{"line":0,"column":0},"skip":true}]},"2":{"line":9,"type":"binary-expr","locations":[{"start":{"line":0,"column":0},"end":{"line":0,"column":0},"skip":true},{"start":{"line":0,"column":0},"end":{"line":0,"column":0},"skip":true}]},"3":{"line":67,"type":"cond-expr","locations":[{"start":{"line":67,"column":74},"end":{"line":67,"column":48}},{"start":{"line":67,"column":82},"end":{"line":67,"column":34}}]},"4":{"line":105,"type":"cond-expr","locations":[{"start":{"line":106,"column":74},"end":{"line":106,"column":48}},{"start":{"line":106,"column":82},"end":{"line":106,"column":34}}]}}},"/Users/mcparron/workspace/react-pretty-input/src/index.js":{"path":"/Users/mcparron/workspace/react-pretty-input/src/index.js","s":{"1":1,"2":1,"3":1,"4":13,"5":1,"6":1,"7":0,"8":1,"9":13},"b":{"1":[13,0],"2":[13,13]},"f":{"1":13,"2":0,"3":13},"fnMap":{"1":{"name":"get","line":11,"loc":{"start":{"line":0,"column":0},"end":{"line":0,"column":0},"skip":true},"skip":true},"2":{"name":"get","line":20,"loc":{"start":{"line":0,"column":0},"end":{"line":0,"column":0},"skip":true},"skip":true},"3":{"name":"_interopRequireDefault","line":25,"loc":{"start":{"line":0,"column":0},"end":{"line":0,"column":0},"skip":true},"skip":true}},"statementMap":{"1":{"start":{"line":0,"column":0},"end":{"line":0,"column":0},"skip":true},"2":{"start":{"line":0,"column":0},"end":{"line":0,"column":0},"skip":true},"3":{"start":{"line":0,"column":0},"end":{"line":0,"column":0},"skip":true},"4":{"start":{"line":0,"column":0},"end":{"line":0,"column":0},"skip":true},"5":{"start":{"line":0,"column":0},"end":{"line":0,"column":0},"skip":true},"6":{"start":{"line":0,"column":0},"end":{"line":0,"column":0},"skip":true},"7":{"start":{"line":0,"column":0},"end":{"line":0,"column":0},"skip":true},"8":{"start":{"line":0,"column":0},"end":{"line":0,"column":0},"skip":true},"9":{"start":{"line":0,"column":0},"end":{"line":0,"column":0},"skip":true}},"branchMap":{"1":{"line":25,"type":"cond-expr","locations":[{"start":{"line":0,"column":0},"end":{"line":0,"column":0},"skip":true},{"start":{"line":0,"column":0},"end":{"line":0,"column":0},"skip":true}]},"2":{"line":25,"type":"binary-expr","locations":[{"start":{"line":0,"column":0},"end":{"line":0,"column":0},"skip":true},{"start":{"line":0,"column":0},"end":{"line":0,"column":0},"skip":true}]}}},"/Users/mcparron/workspace/react-pretty-input/src/components/PrettyInputText.js":{"path":"/Users/mcparron/workspace/react-pretty-input/src/components/PrettyInputText.js","s":{"1":1,"2":1,"3":1,"4":2,"5":7,"6":7,"7":7,"8":7,"9":7,"10":7,"11":1,"12":1,"13":1,"14":1,"15":1,"16":1,"17":1,"18":1,"19":1,"20":1,"21":1,"22":1,"23":1,"24":3,"25":1,"26":7,"27":0,"28":1,"29":7,"30":0,"31":7,"32":1,"33":1,"34":0,"35":1,"36":1,"37":1,"38":1,"39":1,"40":1,"41":7,"42":7,"43":7,"44":7,"45":7,"46":7,"47":7,"48":7,"49":1,"50":2,"51":2,"52":1,"53":1,"54":1,"55":1,"56":2,"57":2,"58":2,"59":2,"60":2,"61":1,"62":0,"63":0,"64":0,"65":15,"66":15,"67":5,"68":15,"69":15,"70":6,"71":15,"72":8,"73":15,"74":15,"75":8,"76":7,"77":15,"78":1,"79":1,"80":1,"81":0,"82":1},"b":{"1":[7,7],"2":[7,0],"3":[1,0],"4":[1,0],"5":[0,3],"6":[3,3],"7":[0,7],"8":[0,7],"9":[0,7],"10":[7,0,0],"11":[0,1],"12":[1,0],"13":[1,1],"14":[1,0],"15":[1,0],"16":[7,0],"17":[3,4],"18":[2,0],"19":[1,1],"20":[1,0],"21":[1,0],"22":[2,0],"23":[1,1],"24":[0,0],"25":[0,0],"26":[5,10],"27":[6,9],"28":[8,7],"29":[8,7],"30":[8,7]},"f":{"1":1,"2":2,"3":1,"4":3,"5":7,"6":7,"7":1,"8":1,"9":7,"10":7,"11":2,"12":2,"13":2,"14":0,"15":15,"16":15,"17":0},"fnMap":{"1":{"name":"(anonymous_1)","line":7,"loc":{"start":{"line":0,"column":0},"end":{"line":0,"column":0},"skip":true},"skip":true},"2":{"name":"defineProperties","line":7,"loc":{"start":{"line":0,"column":0},"end":{"line":0,"column":0},"skip":true},"skip":true},"3":{"name":"(anonymous_3)","line":7,"loc":{"start":{"line":0,"column":0},"end":{"line":0,"column":0},"skip":true},"skip":true},"4":{"name":"_interopRequireDefault","line":21,"loc":{"start":{"line":0,"column":0},"end":{"line":0,"column":0},"skip":true},"skip":true},"5":{"name":"_classCallCheck","line":23,"loc":{"start":{"line":0,"column":0},"end":{"line":0,"column":0},"skip":true},"skip":true},"6":{"name":"_possibleConstructorReturn","line":25,"loc":{"start":{"line":0,"column":0},"end":{"line":0,"column":0},"skip":true},"skip":true},"7":{"name":"_inherits","line":27,"loc":{"start":{"line":0,"column":0},"end":{"line":0,"column":0},"skip":true},"skip":true},"8":{"name":"(anonymous_8)","line":29,"loc":{"start":{"line":0,"column":0},"end":{"line":0,"column":0},"skip":true},"skip":true},"9":{"name":"PrettyInputText","line":32,"loc":{"start":{"line":8,"column":4},"end":{"line":8,"column":23}}},"10":{"name":"componentDidMount","line":52,"loc":{"start":{"line":0,"column":0},"end":{"line":0,"column":0},"skip":true},"skip":true},"11":{"name":"handleTextInputChange","line":55,"loc":{"start":{"line":0,"column":0},"end":{"line":0,"column":0},"skip":true},"skip":true},"12":{"name":"handleTextInputOnFocus","line":73,"loc":{"start":{"line":0,"column":0},"end":{"line":0,"column":0},"skip":true},"skip":true},"13":{"name":"handleTextInputOnBlur","line":78,"loc":{"start":{"line":0,"column":0},"end":{"line":0,"column":0},"skip":true},"skip":true},"14":{"name":"handleOnKeyPress","line":86,"loc":{"start":{"line":0,"column":0},"end":{"line":0,"column":0},"skip":true},"skip":true},"15":{"name":"render","line":95,"loc":{"start":{"line":0,"column":0},"end":{"line":0,"column":0},"skip":true},"skip":true},"16":{"name":"getDerivedStateFromProps","line":141,"loc":{"start":{"line":0,"column":0},"end":{"line":0,"column":0},"skip":true},"skip":true},"17":{"name":"onValidation","line":177,"loc":{"start":{"line":132,"column":18},"end":{"line":132,"column":18}}}},"statementMap":{"1":{"start":{"line":0,"column":0},"end":{"line":0,"column":0},"skip":true},"2":{"start":{"line":0,"column":0},"end":{"line":0,"column":0},"skip":true},"3":{"start":{"line":0,"column":0},"end":{"line":0,"column":0},"skip":true},"4":{"start":{"line":0,"column":0},"end":{"line":0,"column":0},"skip":true},"5":{"start":{"line":0,"column":0},"end":{"line":0,"column":0},"skip":true},"6":{"start":{"line":0,"column":0},"end":{"line":0,"column":0},"skip":true},"7":{"start":{"line":0,"column":0},"end":{"line":0,"column":0},"skip":true},"8":{"start":{"line":0,"column":0},"end":{"line":0,"column":0},"skip":true},"9":{"start":{"line":0,"column":0},"end":{"line":0,"column":0},"skip":true},"10":{"start":{"line":0,"column":0},"end":{"line":0,"column":0},"skip":true},"11":{"start":{"line":0,"column":0},"end":{"line":0,"column":0},"skip":true},"12":{"start":{"line":0,"column":0},"end":{"line":0,"column":0},"skip":true},"13":{"start":{"line":0,"column":0},"end":{"line":0,"column":0},"skip":true},"14":{"start":{"line":0,"column":0},"end":{"line":0,"column":0},"skip":true},"15":{"start":{"line":0,"column":0},"end":{"line":0,"column":0},"skip":true},"16":{"start":{"line":0,"column":0},"end":{"line":0,"column":0},"skip":true},"17":{"start":{"line":2,"column":0},"end":{"line":2,"column":0}},"18":{"start":{"line":0,"column":0},"end":{"line":0,"column":0},"skip":true},"19":{"start":{"line":3,"column":0},"end":{"line":3,"column":0}},"20":{"start":{"line":0,"column":0},"end":{"line":0,"column":0},"skip":true},"21":{"start":{"line":4,"column":0},"end":{"line":4,"column":0}},"22":{"start":{"line":0,"column":0},"end":{"line":0,"column":0},"skip":true},"23":{"start":{"line":0,"column":0},"end":{"line":0,"column":0},"skip":true},"24":{"start":{"line":0,"column":0},"end":{"line":0,"column":0},"skip":true},"25":{"start":{"line":0,"column":0},"end":{"line":0,"column":0},"skip":true},"26":{"start":{"line":0,"column":0},"end":{"line":0,"column":0},"skip":true},"27":{"start":{"line":0,"column":0},"end":{"line":0,"column":0},"skip":true},"28":{"start":{"line":0,"column":0},"end":{"line":0,"column":0},"skip":true},"29":{"start":{"line":0,"column":0},"end":{"line":0,"column":0},"skip":true},"30":{"start":{"line":0,"column":0},"end":{"line":0,"column":0},"skip":true},"31":{"start":{"line":0,"column":0},"end":{"line":0,"column":0},"skip":true},"32":{"start":{"line":0,"column":0},"end":{"line":0,"column":0},"skip":true},"33":{"start":{"line":0,"column":0},"end":{"line":0,"column":0},"skip":true},"34":{"start":{"line":0,"column":0},"end":{"line":0,"column":0},"skip":true},"35":{"start":{"line":0,"column":0},"end":{"line":0,"column":0},"skip":true},"36":{"start":{"line":0,"column":0},"end":{"line":0,"column":0},"skip":true},"37":{"start":{"line":0,"column":0},"end":{"line":0,"column":0},"skip":true},"38":{"start":{"line":0,"column":0},"end":{"line":0,"column":0},"skip":true},"39":{"start":{"line":0,"column":0},"end":{"line":0,"column":0},"skip":true},"40":{"start":{"line":8,"column":4},"end":{"line":21,"column":5}},"41":{"start":{"line":8,"column":23},"end":{"line":8,"column":23}},"42":{"start":{"line":8,"column":23},"end":{"line":8,"column":23}},"43":{"start":{"line":11,"column":8},"end":{"line":11,"column":8}},"44":{"start":{"line":17,"column":8},"end":{"line":17,"column":8}},"45":{"start":{"line":18,"column":8},"end":{"line":18,"column":8}},"46":{"start":{"line":19,"column":8},"end":{"line":19,"column":8}},"47":{"start":{"line":20,"column":8},"end":{"line":20,"column":8}},"48":{"start":{"line":8,"column":23},"end":{"line":8,"column":23}},"49":{"start":{"line":0,"column":0},"end":{"line":0,"column":0},"skip":true},"50":{"start":{"line":38,"column":8},"end":{"line":51,"column":9}},"51":{"start":{"line":39,"column":12},"end":{"line":47,"column":13}},"52":{"start":{"line":40,"column":16},"end":{"line":42,"column":17}},"53":{"start":{"line":41,"column":20},"end":{"line":41,"column":20}},"54":{"start":{"line":44,"column":16},"end":{"line":46,"column":17}},"55":{"start":{"line":45,"column":20},"end":{"line":45,"column":20}},"56":{"start":{"line":48,"column":12},"end":{"line":50,"column":13}},"57":{"start":{"line":49,"column":16},"end":{"line":49,"column":16}},"58":{"start":{"line":55,"column":8},"end":{"line":55,"column":8}},"59":{"start":{"line":59,"column":8},"end":{"line":59,"column":8}},"60":{"start":{"line":60,"column":8},"end":{"line":62,"column":9}},"61":{"start":{"line":61,"column":12},"end":{"line":61,"column":12}},"62":{"start":{"line":66,"column":8},"end":{"line":70,"column":9}},"63":{"start":{"line":67,"column":12},"end":{"line":69,"column":13}},"64":{"start":{"line":68,"column":16},"end":{"line":68,"column":16}},"65":{"start":{"line":74,"column":8},"end":{"line":74,"column":8}},"66":{"start":{"line":75,"column":8},"end":{"line":77,"column":9}},"67":{"start":{"line":76,"column":12},"end":{"line":76,"column":12}},"68":{"start":{"line":78,"column":8},"end":{"line":78,"column":8}},"69":{"start":{"line":79,"column":8},"end":{"line":81,"column":9}},"70":{"start":{"line":80,"column":12},"end":{"line":80,"column":12}},"71":{"start":{"line":82,"column":8},"end":{"line":84,"column":9}},"72":{"start":{"line":83,"column":12},"end":{"line":83,"column":12}},"73":{"start":{"line":85,"column":8},"end":{"line":85,"column":8}},"74":{"start":{"line":28,"column":8},"end":{"line":32,"column":9}},"75":{"start":{"line":29,"column":12},"end":{"line":29,"column":12}},"76":{"start":{"line":31,"column":12},"end":{"line":31,"column":12}},"77":{"start":{"line":34,"column":8},"end":{"line":34,"column":8}},"78":{"start":{"line":0,"column":0},"end":{"line":0,"column":0},"skip":true},"79":{"start":{"line":110,"column":0},"end":{"line":110,"column":0}},"80":{"start":{"line":126,"column":0},"end":{"line":126,"column":0}},"81":{"start":{"line":132,"column":18},"end":{"line":132,"column":18}},"82":{"start":{"line":0,"column":0},"end":{"line":0,"column":0},"skip":true}},"branchMap":{"1":{"line":7,"type":"binary-expr","locations":[{"start":{"line":0,"column":0},"end":{"line":0,"column":0},"skip":true},{"start":{"line":0,"column":0},"end":{"line":0,"column":0},"skip":true}]},"2":{"line":7,"type":"if","locations":[{"start":{"line":0,"column":0},"end":{"line":0,"column":0},"skip":true},{"start":{"line":0,"column":0},"end":{"line":0,"column":0},"skip":true}]},"3":{"line":7,"type":"if","locations":[{"start":{"line":0,"column":0},"end":{"line":0,"column":0},"skip":true},{"start":{"line":0,"column":0},"end":{"line":0,"column":0},"skip":true}]},"4":{"line":7,"type":"if","locations":[{"start":{"line":0,"column":0},"end":{"line":0,"column":0},"skip":true},{"start":{"line":0,"column":0},"end":{"line":0,"column":0},"skip":true}]},"5":{"line":21,"type":"cond-expr","locations":[{"start":{"line":0,"column":0},"end":{"line":0,"column":0},"skip":true},{"start":{"line":0,"column":0},"end":{"line":0,"column":0},"skip":true}]},"6":{"line":21,"type":"binary-expr","locations":[{"start":{"line":0,"column":0},"end":{"line":0,"column":0},"skip":true},{"start":{"line":0,"column":0},"end":{"line":0,"column":0},"skip":true}]},"7":{"line":23,"type":"if","locations":[{"start":{"line":0,"column":0},"end":{"line":0,"column":0},"skip":true},{"start":{"line":0,"column":0},"end":{"line":0,"column":0},"skip":true}]},"8":{"line":25,"type":"if","locations":[{"start":{"line":0,"column":0},"end":{"line":0,"column":0},"skip":true},{"start":{"line":0,"column":0},"end":{"line":0,"column":0},"skip":true}]},"9":{"line":25,"type":"cond-expr","locations":[{"start":{"line":0,"column":0},"end":{"line":0,"column":0},"skip":true},{"start":{"line":0,"column":0},"end":{"line":0,"column":0},"skip":true}]},"10":{"line":25,"type":"binary-expr","locations":[{"start":{"line":0,"column":0},"end":{"line":0,"column":0},"skip":true},{"start":{"line":0,"column":0},"end":{"line":0,"column":0},"skip":true},{"start":{"line":0,"column":0},"end":{"line":0,"column":0},"skip":true}]},"11":{"line":27,"type":"if","locations":[{"start":{"line":0,"column":0},"end":{"line":0,"column":0},"skip":true},{"start":{"line":0,"column":0},"end":{"line":0,"column":0},"skip":true}]},"12":{"line":27,"type":"binary-expr","locations":[{"start":{"line":0,"column":0},"end":{"line":0,"column":0},"skip":true},{"start":{"line":0,"column":0},"end":{"line":0,"column":0},"skip":true}]},"13":{"line":27,"type":"binary-expr","locations":[{"start":{"line":0,"column":0},"end":{"line":0,"column":0},"skip":true},{"start":{"line":0,"column":0},"end":{"line":0,"column":0},"skip":true}]},"14":{"line":27,"type":"if","locations":[{"start":{"line":0,"column":0},"end":{"line":0,"column":0},"skip":true},{"start":{"line":0,"column":0},"end":{"line":0,"column":0},"skip":true}]},"15":{"line":27,"type":"cond-expr","locations":[{"start":{"line":0,"column":0},"end":{"line":0,"column":0},"skip":true},{"start":{"line":0,"column":0},"end":{"line":0,"column":0},"skip":true}]},"16":{"line":35,"type":"binary-expr","locations":[{"start":{"line":8,"column":23},"end":{"line":8,"column":23}},{"start":{"line":8,"column":23},"end":{"line":8,"column":23}}]},"17":{"line":38,"type":"cond-expr","locations":[{"start":{"line":12,"column":60},"end":{"line":12,"column":23}},{"start":{"line":12,"column":67},"end":{"line":11,"column":21}}]},"18":{"line":56,"type":"if","locations":[{"start":{"line":38,"column":8},"end":{"line":38,"column":8}},{"start":{"line":38,"column":8},"end":{"line":38,"column":8}}]},"19":{"line":57,"type":"if","locations":[{"start":{"line":39,"column":12},"end":{"line":39,"column":12}},{"start":{"line":39,"column":12},"end":{"line":39,"column":12}}]},"20":{"line":58,"type":"if","locations":[{"start":{"line":40,"column":16},"end":{"line":40,"column":16}},{"start":{"line":40,"column":16},"end":{"line":40,"column":16}}]},"21":{"line":62,"type":"if","locations":[{"start":{"line":44,"column":16},"end":{"line":44,"column":16}},{"start":{"line":44,"column":16},"end":{"line":44,"column":16}}]},"22":{"line":66,"type":"if","locations":[{"start":{"line":48,"column":12},"end":{"line":48,"column":12}},{"start":{"line":48,"column":12},"end":{"line":48,"column":12}}]},"23":{"line":80,"type":"if","locations":[{"start":{"line":60,"column":8},"end":{"line":60,"column":8}},{"start":{"line":60,"column":8},"end":{"line":60,"column":8}}]},"24":{"line":87,"type":"if","locations":[{"start":{"line":66,"column":8},"end":{"line":66,"column":8}},{"start":{"line":66,"column":8},"end":{"line":66,"column":8}}]},"25":{"line":88,"type":"if","locations":[{"start":{"line":67,"column":12},"end":{"line":67,"column":12}},{"start":{"line":67,"column":12},"end":{"line":67,"column":12}}]},"26":{"line":97,"type":"if","locations":[{"start":{"line":75,"column":8},"end":{"line":75,"column":8}},{"start":{"line":75,"column":8},"end":{"line":75,"column":8}}]},"27":{"line":101,"type":"if","locations":[{"start":{"line":79,"column":8},"end":{"line":79,"column":8}},{"start":{"line":79,"column":8},"end":{"line":79,"column":8}}]},"28":{"line":104,"type":"if","locations":[{"start":{"line":82,"column":8},"end":{"line":82,"column":8}},{"start":{"line":82,"column":8},"end":{"line":82,"column":8}}]},"29":{"line":128,"type":"cond-expr","locations":[{"start":{"line":101,"column":91},"end":{"line":101,"column":68}},{"start":{"line":101,"column":114},"end":{"line":101,"column":60}}]},"30":{"line":142,"type":"if","locations":[{"start":{"line":28,"column":8},"end":{"line":28,"column":8}},{"start":{"line":28,"column":8},"end":{"line":28,"column":8}}]}}},"/Users/mcparron/workspace/react-pretty-input/src/components/PrettyInputTextArea.js":{"path":"/Users/mcparron/workspace/react-pretty-input/src/components/PrettyInputTextArea.js","s":{"1":1,"2":1,"3":1,"4":1,"5":4,"6":4,"7":4,"8":4,"9":4,"10":4,"11":1,"12":1,"13":1,"14":1,"15":0,"16":1,"17":1,"18":1,"19":1,"20":1,"21":1,"22":1,"23":1,"24":3,"25":1,"26":0,"27":0,"28":1,"29":0,"30":0,"31":0,"32":1,"33":1,"34":0,"35":1,"36":1,"37":1,"38":1,"39":0,"40":1,"41":1,"42":1,"43":0,"44":0,"45":0,"46":0,"47":0,"48":0,"49":0,"50":1,"51":0,"52":0,"53":0,"54":0,"55":0,"56":0,"57":0,"58":0,"59":0,"60":0,"61":0,"62":0,"63":0,"64":0,"65":0,"66":0,"67":0,"68":0,"69":0,"70":0,"71":0,"72":0,"73":1,"74":1,"75":1,"76":1},"b":{"1":[4,4],"2":[4,0],"3":[1,0],"4":[0,1],"5":[0,3],"6":[3,3],"7":[0,0],"8":[0,0],"9":[0,0],"10":[0,0,0],"11":[0,1],"12":[1,0],"13":[1,1],"14":[1,0],"15":[1,0],"16":[0,0],"17":[0,0],"18":[0,0],"19":[0,0],"20":[0,0],"21":[0,0],"22":[0,0],"23":[0,0],"24":[0,0],"25":[0,0],"26":[0,0]},"f":{"1":1,"2":1,"3":1,"4":3,"5":0,"6":0,"7":1,"8":0,"9":1,"10":0,"11":0,"12":0,"13":0,"14":0},"fnMap":{"1":{"name":"(anonymous_1)","line":7,"loc":{"start":{"line":0,"column":0},"end":{"line":0,"column":0},"skip":true},"skip":true},"2":{"name":"defineProperties","line":7,"loc":{"start":{"line":0,"column":0},"end":{"line":0,"column":0},"skip":true},"skip":true},"3":{"name":"(anonymous_3)","line":7,"loc":{"start":{"line":0,"column":0},"end":{"line":0,"column":0},"skip":true},"skip":true},"4":{"name":"_interopRequireDefault","line":21,"loc":{"start":{"line":0,"column":0},"end":{"line":0,"column":0},"skip":true},"skip":true},"5":{"name":"_classCallCheck","line":23,"loc":{"start":{"line":0,"column":0},"end":{"line":0,"column":0},"skip":true},"skip":true},"6":{"name":"_possibleConstructorReturn","line":25,"loc":{"start":{"line":0,"column":0},"end":{"line":0,"column":0},"skip":true},"skip":true},"7":{"name":"_inherits","line":27,"loc":{"start":{"line":0,"column":0},"end":{"line":0,"column":0},"skip":true},"skip":true},"8":{"name":"defaultOnValidation","line":29,"loc":{"start":{"line":6,"column":28},"end":{"line":6,"column":28}}},"9":{"name":"(anonymous_9)","line":33,"loc":{"start":{"line":0,"column":0},"end":{"line":0,"column":0},"skip":true},"skip":true},"10":{"name":"PrettyInputTextArea","line":36,"loc":{"start":{"line":10,"column":4},"end":{"line":10,"column":23}}},"11":{"name":"handleTextInputChange","line":56,"loc":{"start":{"line":0,"column":0},"end":{"line":0,"column":0},"skip":true},"skip":true},"12":{"name":"handleTextInputOnFocus","line":72,"loc":{"start":{"line":0,"column":0},"end":{"line":0,"column":0},"skip":true},"skip":true},"13":{"name":"handleTextInputOnBlur","line":77,"loc":{"start":{"line":0,"column":0},"end":{"line":0,"column":0},"skip":true},"skip":true},"14":{"name":"render","line":85,"loc":{"start":{"line":0,"column":0},"end":{"line":0,"column":0},"skip":true},"skip":true}},"statementMap":{"1":{"start":{"line":0,"column":0},"end":{"line":0,"column":0},"skip":true},"2":{"start":{"line":0,"column":0},"end":{"line":0,"column":0},"skip":true},"3":{"start":{"line":0,"column":0},"end":{"line":0,"column":0},"skip":true},"4":{"start":{"line":0,"column":0},"end":{"line":0,"column":0},"skip":true},"5":{"start":{"line":0,"column":0},"end":{"line":0,"column":0},"skip":true},"6":{"start":{"line":0,"column":0},"end":{"line":0,"column":0},"skip":true},"7":{"start":{"line":0,"column":0},"end":{"line":0,"column":0},"skip":true},"8":{"start":{"line":0,"column":0},"end":{"line":0,"column":0},"skip":true},"9":{"start":{"line":0,"column":0},"end":{"line":0,"column":0},"skip":true},"10":{"start":{"line":0,"column":0},"end":{"line":0,"column":0},"skip":true},"11":{"start":{"line":0,"column":0},"end":{"line":0,"column":0},"skip":true},"12":{"start":{"line":0,"column":0},"end":{"line":0,"column":0},"skip":true},"13":{"start":{"line":0,"column":0},"end":{"line":0,"column":0},"skip":true},"14":{"start":{"line":0,"column":0},"end":{"line":0,"column":0},"skip":true},"15":{"start":{"line":0,"column":0},"end":{"line":0,"column":0},"skip":true},"16":{"start":{"line":0,"column":0},"end":{"line":0,"column":0},"skip":true},"17":{"start":{"line":2,"column":0},"end":{"line":2,"column":0}},"18":{"start":{"line":0,"column":0},"end":{"line":0,"column":0},"skip":true},"19":{"start":{"line":3,"column":0},"end":{"line":3,"column":0}},"20":{"start":{"line":0,"column":0},"end":{"line":0,"column":0},"skip":true},"21":{"start":{"line":4,"column":0},"end":{"line":4,"column":0}},"22":{"start":{"line":0,"column":0},"end":{"line":0,"column":0},"skip":true},"23":{"start":{"line":0,"column":0},"end":{"line":0,"column":0},"skip":true},"24":{"start":{"line":0,"column":0},"end":{"line":0,"column":0},"skip":true},"25":{"start":{"line":0,"column":0},"end":{"line":0,"column":0},"skip":true},"26":{"start":{"line":0,"column":0},"end":{"line":0,"column":0},"skip":true},"27":{"start":{"line":0,"column":0},"end":{"line":0,"column":0},"skip":true},"28":{"start":{"line":0,"column":0},"end":{"line":0,"column":0},"skip":true},"29":{"start":{"line":0,"column":0},"end":{"line":0,"column":0},"skip":true},"30":{"start":{"line":0,"column":0},"end":{"line":0,"column":0},"skip":true},"31":{"start":{"line":0,"column":0},"end":{"line":0,"column":0},"skip":true},"32":{"start":{"line":0,"column":0},"end":{"line":0,"column":0},"skip":true},"33":{"start":{"line":0,"column":0},"end":{"line":0,"column":0},"skip":true},"34":{"start":{"line":0,"column":0},"end":{"line":0,"column":0},"skip":true},"35":{"start":{"line":0,"column":0},"end":{"line":0,"column":0},"skip":true},"36":{"start":{"line":0,"column":0},"end":{"line":0,"column":0},"skip":true},"37":{"start":{"line":0,"column":0},"end":{"line":0,"column":0},"skip":true},"38":{"start":{"line":6,"column":0},"end":{"line":6,"column":0}},"39":{"start":{"line":6,"column":28},"end":{"line":6,"column":28}},"40":{"start":{"line":0,"column":0},"end":{"line":0,"column":0},"skip":true},"41":{"start":{"line":0,"column":0},"end":{"line":0,"column":0},"skip":true},"42":{"start":{"line":10,"column":4},"end":{"line":23,"column":5}},"43":{"start":{"line":10,"column":23},"end":{"line":10,"column":23}},"44":{"start":{"line":10,"column":23},"end":{"line":10,"column":23}},"45":{"start":{"line":13,"column":8},"end":{"line":13,"column":8}},"46":{"start":{"line":20,"column":8},"end":{"line":20,"column":8}},"47":{"start":{"line":21,"column":8},"end":{"line":21,"column":8}},"48":{"start":{"line":22,"column":8},"end":{"line":22,"column":8}},"49":{"start":{"line":10,"column":23},"end":{"line":10,"column":23}},"50":{"start":{"line":0,"column":0},"end":{"line":0,"column":0},"skip":true},"51":{"start":{"line":26,"column":8},"end":{"line":36,"column":9}},"52":{"start":{"line":27,"column":12},"end":{"line":27,"column":12}},"53":{"start":{"line":28,"column":12},"end":{"line":30,"column":13}},"54":{"start":{"line":29,"column":16},"end":{"line":29,"column":16}},"55":{"start":{"line":32,"column":12},"end":{"line":32,"column":12}},"56":{"start":{"line":33,"column":12},"end":{"line":35,"column":13}},"57":{"start":{"line":34,"column":16},"end":{"line":34,"column":16}},"58":{"start":{"line":37,"column":8},"end":{"line":37,"column":8}},"59":{"start":{"line":41,"column":8},"end":{"line":41,"column":8}},"60":{"start":{"line":45,"column":8},"end":{"line":45,"column":8}},"61":{"start":{"line":46,"column":8},"end":{"line":48,"column":9}},"62":{"start":{"line":47,"column":12},"end":{"line":47,"column":12}},"63":{"start":{"line":52,"column":8},"end":{"line":52,"column":8}},"64":{"start":{"line":53,"column":8},"end":{"line":53,"column":8}},"65":{"start":{"line":54,"column":8},"end":{"line":56,"column":9}},"66":{"start":{"line":55,"column":12},"end":{"line":55,"column":12}},"67":{"start":{"line":57,"column":8},"end":{"line":57,"column":8}},"68":{"start":{"line":58,"column":8},"end":{"line":60,"column":9}},"69":{"start":{"line":59,"column":12},"end":{"line":59,"column":12}},"70":{"start":{"line":61,"column":8},"end":{"line":63,"column":9}},"71":{"start":{"line":62,"column":12},"end":{"line":62,"column":12}},"72":{"start":{"line":64,"column":8},"end":{"line":64,"column":8}},"73":{"start":{"line":0,"column":0},"end":{"line":0,"column":0},"skip":true},"74":{"start":{"line":89,"column":0},"end":{"line":89,"column":0}},"75":{"start":{"line":99,"column":0},"end":{"line":99,"column":0}},"76":{"start":{"line":0,"column":0},"end":{"line":0,"column":0},"skip":true}},"branchMap":{"1":{"line":7,"type":"binary-expr","locations":[{"start":{"line":0,"column":0},"end":{"line":0,"column":0},"skip":true},{"start":{"line":0,"column":0},"end":{"line":0,"column":0},"skip":true}]},"2":{"line":7,"type":"if","locations":[{"start":{"line":0,"column":0},"end":{"line":0,"column":0},"skip":true},{"start":{"line":0,"column":0},"end":{"line":0,"column":0},"skip":true}]},"3":{"line":7,"type":"if","locations":[{"start":{"line":0,"column":0},"end":{"line":0,"column":0},"skip":true},{"start":{"line":0,"column":0},"end":{"line":0,"column":0},"skip":true}]},"4":{"line":7,"type":"if","locations":[{"start":{"line":0,"column":0},"end":{"line":0,"column":0},"skip":true},{"start":{"line":0,"column":0},"end":{"line":0,"column":0},"skip":true}]},"5":{"line":21,"type":"cond-expr","locations":[{"start":{"line":0,"column":0},"end":{"line":0,"column":0},"skip":true},{"start":{"line":0,"column":0},"end":{"line":0,"column":0},"skip":true}]},"6":{"line":21,"type":"binary-expr","locations":[{"start":{"line":0,"column":0},"end":{"line":0,"column":0},"skip":true},{"start":{"line":0,"column":0},"end":{"line":0,"column":0},"skip":true}]},"7":{"line":23,"type":"if","locations":[{"start":{"line":0,"column":0},"end":{"line":0,"column":0},"skip":true},{"start":{"line":0,"column":0},"end":{"line":0,"column":0},"skip":true}]},"8":{"line":25,"type":"if","locations":[{"start":{"line":0,"column":0},"end":{"line":0,"column":0},"skip":true},{"start":{"line":0,"column":0},"end":{"line":0,"column":0},"skip":true}]},"9":{"line":25,"type":"cond-expr","locations":[{"start":{"line":0,"column":0},"end":{"line":0,"column":0},"skip":true},{"start":{"line":0,"column":0},"end":{"line":0,"column":0},"skip":true}]},"10":{"line":25,"type":"binary-expr","locations":[{"start":{"line":0,"column":0},"end":{"line":0,"column":0},"skip":true},{"start":{"line":0,"column":0},"end":{"line":0,"column":0},"skip":true},{"start":{"line":0,"column":0},"end":{"line":0,"column":0},"skip":true}]},"11":{"line":27,"type":"if","locations":[{"start":{"line":0,"column":0},"end":{"line":0,"column":0},"skip":true},{"start":{"line":0,"column":0},"end":{"line":0,"column":0},"skip":true}]},"12":{"line":27,"type":"binary-expr","locations":[{"start":{"line":0,"column":0},"end":{"line":0,"column":0},"skip":true},{"start":{"line":0,"column":0},"end":{"line":0,"column":0},"skip":true}]},"13":{"line":27,"type":"binary-expr","locations":[{"start":{"line":0,"column":0},"end":{"line":0,"column":0},"skip":true},{"start":{"line":0,"column":0},"end":{"line":0,"column":0},"skip":true}]},"14":{"line":27,"type":"if","locations":[{"start":{"line":0,"column":0},"end":{"line":0,"column":0},"skip":true},{"start":{"line":0,"column":0},"end":{"line":0,"column":0},"skip":true}]},"15":{"line":27,"type":"cond-expr","locations":[{"start":{"line":0,"column":0},"end":{"line":0,"column":0},"skip":true},{"start":{"line":0,"column":0},"end":{"line":0,"column":0},"skip":true}]},"16":{"line":39,"type":"binary-expr","locations":[{"start":{"line":10,"column":23},"end":{"line":10,"column":23}},{"start":{"line":10,"column":23},"end":{"line":10,"column":23}}]},"17":{"line":57,"type":"if","locations":[{"start":{"line":26,"column":8},"end":{"line":26,"column":8}},{"start":{"line":26,"column":8},"end":{"line":26,"column":8}}]},"18":{"line":59,"type":"if","locations":[{"start":{"line":28,"column":12},"end":{"line":28,"column":12}},{"start":{"line":28,"column":12},"end":{"line":28,"column":12}}]},"19":{"line":64,"type":"if","locations":[{"start":{"line":33,"column":12},"end":{"line":33,"column":12}},{"start":{"line":33,"column":12},"end":{"line":33,"column":12}}]},"20":{"line":79,"type":"if","locations":[{"start":{"line":46,"column":8},"end":{"line":46,"column":8}},{"start":{"line":46,"column":8},"end":{"line":46,"column":8}}]},"21":{"line":86,"type":"binary-expr","locations":[{"start":{"line":52,"column":27},"end":{"line":52,"column":27}},{"start":{"line":52,"column":52},"end":{"line":52,"column":8}}]},"22":{"line":88,"type":"if","locations":[{"start":{"line":54,"column":8},"end":{"line":54,"column":8}},{"start":{"line":54,"column":8},"end":{"line":54,"column":8}}]},"23":{"line":92,"type":"if","locations":[{"start":{"line":58,"column":8},"end":{"line":58,"column":8}},{"start":{"line":58,"column":8},"end":{"line":58,"column":8}}]},"24":{"line":95,"type":"if","locations":[{"start":{"line":61,"column":8},"end":{"line":61,"column":8}},{"start":{"line":61,"column":8},"end":{"line":61,"column":8}}]},"25":{"line":112,"type":"cond-expr","locations":[{"start":{"line":77,"column":24},"end":{"line":76,"column":21}},{"start":{"line":78,"column":24},"end":{"line":66,"column":16}}]},"26":{"line":117,"type":"cond-expr","locations":[{"start":{"line":80,"column":24},"end":{"line":79,"column":21}},{"start":{"line":81,"column":24},"end":{"line":81,"column":24}}]}}},"/Users/mcparron/workspace/react-pretty-input/src/demo.spec.js":{"path":"/Users/mcparron/workspace/react-pretty-input/src/demo.spec.js","s":{"1":1,"2":1,"3":1,"4":1,"5":1,"6":1,"7":2,"8":1,"9":1,"10":1,"11":1,"12":1,"13":1,"14":1},"b":{"1":[1,1],"2":[2,2]},"f":{"1":2,"2":1,"3":1,"4":1},"fnMap":{"1":{"name":"_interopRequireDefault","line":13,"loc":{"start":{"line":0,"column":0},"end":{"line":0,"column":0},"skip":true},"skip":true},"2":{"name":"(anonymous_2)","line":15,"loc":{"start":{"line":6,"column":31},"end":{"line":6,"column":37}}},"3":{"name":"(anonymous_3)","line":18,"loc":{"start":{"line":9,"column":15},"end":{"line":9,"column":21}}},"4":{"name":"(anonymous_4)","line":22,"loc":{"start":{"line":13,"column":35},"end":{"line":13,"column":41}}}},"statementMap":{"1":{"start":{"line":2,"column":0},"end":{"line":2,"column":0}},"2":{"start":{"line":0,"column":0},"end":{"line":0,"column":0},"skip":true},"3":{"start":{"line":3,"column":0},"end":{"line":3,"column":0}},"4":{"start":{"line":0,"column":0},"end":{"line":0,"column":0},"skip":true},"5":{"start":{"line":4,"column":0},"end":{"line":4,"column":0}},"6":{"start":{"line":0,"column":0},"end":{"line":0,"column":0},"skip":true},"7":{"start":{"line":0,"column":0},"end":{"line":0,"column":0},"skip":true},"8":{"start":{"line":6,"column":0},"end":{"line":6,"column":0}},"9":{"start":{"line":7,"column":4},"end":{"line":7,"column":4}},"10":{"start":{"line":9,"column":4},"end":{"line":9,"column":4}},"11":{"start":{"line":10,"column":8},"end":{"line":10,"column":8}},"12":{"start":{"line":13,"column":4},"end":{"line":13,"column":4}},"13":{"start":{"line":14,"column":8},"end":{"line":14,"column":8}},"14":{"start":{"line":15,"column":8},"end":{"line":15,"column":8}}},"branchMap":{"1":{"line":13,"type":"cond-expr","locations":[{"start":{"line":0,"column":0},"end":{"line":0,"column":0},"skip":true},{"start":{"line":0,"column":0},"end":{"line":0,"column":0},"skip":true}]},"2":{"line":13,"type":"binary-expr","locations":[{"start":{"line":0,"column":0},"end":{"line":0,"column":0},"skip":true},{"start":{"line":0,"column":0},"end":{"line":0,"column":0},"skip":true}]}}},"/Users/mcparron/workspace/react-pretty-input/src/demo.js":{"path":"/Users/mcparron/workspace/react-pretty-input/src/demo.js","s":{"1":1,"2":1,"3":1,"4":1,"5":1,"6":1,"7":1,"8":1,"9":1,"10":1,"11":1,"12":1,"13":1,"14":1,"15":0,"16":1,"17":1,"18":1,"19":1,"20":1,"21":1,"22":1,"23":1,"24":1,"25":3,"26":1,"27":1,"28":0,"29":1,"30":1,"31":0,"32":1,"33":1,"34":1,"35":0,"36":1,"37":1,"38":1,"39":1,"40":1,"41":1,"42":1,"43":1,"44":1,"45":1,"46":1,"47":1,"48":1,"49":0,"50":1,"51":0,"52":0,"53":0,"54":1,"55":1,"56":1,"57":0},"b":{"1":[1,1],"2":[1,0],"3":[1,0],"4":[0,1],"5":[0,3],"6":[3,3],"7":[0,1],"8":[0,1],"9":[0,1],"10":[1,0,0],"11":[0,1],"12":[1,0],"13":[1,1],"14":[1,0],"15":[1,0],"16":[1,0],"17":[0,0],"18":[0,1],"19":[1,1,1]},"f":{"1":1,"2":1,"3":1,"4":3,"5":1,"6":1,"7":1,"8":1,"9":1,"10":1,"11":0,"12":0,"13":0,"14":0},"fnMap":{"1":{"name":"(anonymous_1)","line":7,"loc":{"start":{"line":0,"column":0},"end":{"line":0,"column":0},"skip":true},"skip":true},"2":{"name":"defineProperties","line":7,"loc":{"start":{"line":0,"column":0},"end":{"line":0,"column":0},"skip":true},"skip":true},"3":{"name":"(anonymous_3)","line":7,"loc":{"start":{"line":0,"column":0},"end":{"line":0,"column":0},"skip":true},"skip":true},"4":{"name":"_interopRequireDefault","line":23,"loc":{"start":{"line":0,"column":0},"end":{"line":0,"column":0},"skip":true},"skip":true},"5":{"name":"_classCallCheck","line":25,"loc":{"start":{"line":0,"column":0},"end":{"line":0,"column":0},"skip":true},"skip":true},"6":{"name":"_possibleConstructorReturn","line":27,"loc":{"start":{"line":0,"column":0},"end":{"line":0,"column":0},"skip":true},"skip":true},"7":{"name":"_inherits","line":29,"loc":{"start":{"line":0,"column":0},"end":{"line":0,"column":0},"skip":true},"skip":true},"8":{"name":"(anonymous_8)","line":31,"loc":{"start":{"line":0,"column":0},"end":{"line":0,"column":0},"skip":true},"skip":true},"9":{"name":"App","line":34,"loc":{"start":{"line":9,"column":4},"end":{"line":9,"column":23}}},"10":{"name":"render","line":49,"loc":{"start":{"line":0,"column":0},"end":{"line":0,"column":0},"skip":true},"skip":true},"11":{"name":"onChange","line":58,"loc":{"start":{"line":26,"column":22},"end":{"line":26,"column":22}}},"12":{"name":"onChange","line":73,"loc":{"start":{"line":38,"column":30},"end":{"line":38,"column":30}}},"13":{"name":"onValidation","line":76,"loc":{"start":{"line":39,"column":34},"end":{"line":39,"column":34}}},"14":{"name":"onChange","line":84,"loc":{"start":{"line":45,"column":30},"end":{"line":45,"column":30}}}},"statementMap":{"1":{"start":{"line":0,"column":0},"end":{"line":0,"column":0},"skip":true},"2":{"start":{"line":0,"column":0},"end":{"line":0,"column":0},"skip":true},"3":{"start":{"line":0,"column":0},"end":{"line":0,"column":0},"skip":true},"4":{"start":{"line":0,"column":0},"end":{"line":0,"column":0},"skip":true},"5":{"start":{"line":0,"column":0},"end":{"line":0,"column":0},"skip":true},"6":{"start":{"line":0,"column":0},"end":{"line":0,"column":0},"skip":true},"7":{"start":{"line":0,"column":0},"end":{"line":0,"column":0},"skip":true},"8":{"start":{"line":0,"column":0},"end":{"line":0,"column":0},"skip":true},"9":{"start":{"line":0,"column":0},"end":{"line":0,"column":0},"skip":true},"10":{"start":{"line":0,"column":0},"end":{"line":0,"column":0},"skip":true},"11":{"start":{"line":0,"column":0},"end":{"line":0,"column":0},"skip":true},"12":{"start":{"line":0,"column":0},"end":{"line":0,"column":0},"skip":true},"13":{"start":{"line":0,"column":0},"end":{"line":0,"column":0},"skip":true},"14":{"start":{"line":0,"column":0},"end":{"line":0,"column":0},"skip":true},"15":{"start":{"line":0,"column":0},"end":{"line":0,"column":0},"skip":true},"16":{"start":{"line":0,"column":0},"end":{"line":0,"column":0},"skip":true},"17":{"start":{"line":2,"column":0},"end":{"line":2,"column":0}},"18":{"start":{"line":0,"column":0},"end":{"line":0,"column":0},"skip":true},"19":{"start":{"line":3,"column":0},"end":{"line":3,"column":0}},"20":{"start":{"line":0,"column":0},"end":{"line":0,"column":0},"skip":true},"21":{"start":{"line":4,"column":0},"end":{"line":4,"column":0}},"22":{"start":{"line":5,"column":0},"end":{"line":5,"column":0}},"23":{"start":{"line":0,"column":0},"end":{"line":0,"column":0},"skip":true},"24":{"start":{"line":0,"column":0},"end":{"line":0,"column":0},"skip":true},"25":{"start":{"line":0,"column":0},"end":{"line":0,"column":0},"skip":true},"26":{"start":{"line":0,"column":0},"end":{"line":0,"column":0},"skip":true},"27":{"start":{"line":0,"column":0},"end":{"line":0,"column":0},"skip":true},"28":{"start":{"line":0,"column":0},"end":{"line":0,"column":0},"skip":true},"29":{"start":{"line":0,"column":0},"end":{"line":0,"column":0},"skip":true},"30":{"start":{"line":0,"column":0},"end":{"line":0,"column":0},"skip":true},"31":{"start":{"line":0,"column":0},"end":{"line":0,"column":0},"skip":true},"32":{"start":{"line":0,"column":0},"end":{"line":0,"column":0},"skip":true},"33":{"start":{"line":0,"column":0},"end":{"line":0,"column":0},"skip":true},"34":{"start":{"line":0,"column":0},"end":{"line":0,"column":0},"skip":true},"35":{"start":{"line":0,"column":0},"end":{"line":0,"column":0},"skip":true},"36":{"start":{"line":0,"column":0},"end":{"line":0,"column":0},"skip":true},"37":{"start":{"line":0,"column":0},"end":{"line":0,"column":0},"skip":true},"38":{"start":{"line":0,"column":0},"end":{"line":0,"column":0},"skip":true},"39":{"start":{"line":0,"column":0},"end":{"line":0,"column":0},"skip":true},"40":{"start":{"line":0,"column":0},"end":{"line":0,"column":0},"skip":true},"41":{"start":{"line":9,"column":4},"end":{"line":17,"column":5}},"42":{"start":{"line":9,"column":23},"end":{"line":9,"column":23}},"43":{"start":{"line":9,"column":23},"end":{"line":9,"column":23}},"44":{"start":{"line":12,"column":8},"end":{"line":12,"column":8}},"45":{"start":{"line":9,"column":23},"end":{"line":9,"column":23}},"46":{"start":{"line":0,"column":0},"end":{"line":0,"column":0},"skip":true},"47":{"start":{"line":19,"column":13},"end":{"line":19,"column":13}},"48":{"start":{"line":20,"column":8},"end":{"line":20,"column":8}},"49":{"start":{"line":26,"column":22},"end":{"line":26,"column":22}},"50":{"start":{"line":28,"column":8},"end":{"line":28,"column":8}},"51":{"start":{"line":38,"column":30},"end":{"line":38,"column":30}},"52":{"start":{"line":39,"column":34},"end":{"line":39,"column":34}},"53":{"start":{"line":45,"column":30},"end":{"line":45,"column":30}},"54":{"start":{"line":0,"column":0},"end":{"line":0,"column":0},"skip":true},"55":{"start":{"line":0,"column":0},"end":{"line":0,"column":0},"skip":true},"56":{"start":{"line":54,"column":0},"end":{"line":56,"column":1}},"57":{"start":{"line":55,"column":4},"end":{"line":55,"column":4}}},"branchMap":{"1":{"line":7,"type":"binary-expr","locations":[{"start":{"line":0,"column":0},"end":{"line":0,"column":0},"skip":true},{"start":{"line":0,"column":0},"end":{"line":0,"column":0},"skip":true}]},"2":{"line":7,"type":"if","locations":[{"start":{"line":0,"column":0},"end":{"line":0,"column":0},"skip":true},{"start":{"line":0,"column":0},"end":{"line":0,"column":0},"skip":true}]},"3":{"line":7,"type":"if","locations":[{"start":{"line":0,"column":0},"end":{"line":0,"column":0},"skip":true},{"start":{"line":0,"column":0},"end":{"line":0,"column":0},"skip":true}]},"4":{"line":7,"type":"if","locations":[{"start":{"line":0,"column":0},"end":{"line":0,"column":0},"skip":true},{"start":{"line":0,"column":0},"end":{"line":0,"column":0},"skip":true}]},"5":{"line":23,"type":"cond-expr","locations":[{"start":{"line":0,"column":0},"end":{"line":0,"column":0},"skip":true},{"start":{"line":0,"column":0},"end":{"line":0,"column":0},"skip":true}]},"6":{"line":23,"type":"binary-expr","locations":[{"start":{"line":0,"column":0},"end":{"line":0,"column":0},"skip":true},{"start":{"line":0,"column":0},"end":{"line":0,"column":0},"skip":true}]},"7":{"line":25,"type":"if","locations":[{"start":{"line":0,"column":0},"end":{"line":0,"column":0},"skip":true},{"start":{"line":0,"column":0},"end":{"line":0,"column":0},"skip":true}]},"8":{"line":27,"type":"if","locations":[{"start":{"line":0,"column":0},"end":{"line":0,"column":0},"skip":true},{"start":{"line":0,"column":0},"end":{"line":0,"column":0},"skip":true}]},"9":{"line":27,"type":"cond-expr","locations":[{"start":{"line":0,"column":0},"end":{"line":0,"column":0},"skip":true},{"start":{"line":0,"column":0},"end":{"line":0,"column":0},"skip":true}]},"10":{"line":27,"type":"binary-expr","locations":[{"start":{"line":0,"column":0},"end":{"line":0,"column":0},"skip":true},{"start":{"line":0,"column":0},"end":{"line":0,"column":0},"skip":true},{"start":{"line":0,"column":0},"end":{"line":0,"column":0},"skip":true}]},"11":{"line":29,"type":"if","locations":[{"start":{"line":0,"column":0},"end":{"line":0,"column":0},"skip":true},{"start":{"line":0,"column":0},"end":{"line":0,"column":0},"skip":true}]},"12":{"line":29,"type":"binary-expr","locations":[{"start":{"line":0,"column":0},"end":{"line":0,"column":0},"skip":true},{"start":{"line":0,"column":0},"end":{"line":0,"column":0},"skip":true}]},"13":{"line":29,"type":"binary-expr","locations":[{"start":{"line":0,"column":0},"end":{"line":0,"column":0},"skip":true},{"start":{"line":0,"column":0},"end":{"line":0,"column":0},"skip":true}]},"14":{"line":29,"type":"if","locations":[{"start":{"line":0,"column":0},"end":{"line":0,"column":0},"skip":true},{"start":{"line":0,"column":0},"end":{"line":0,"column":0},"skip":true}]},"15":{"line":29,"type":"cond-expr","locations":[{"start":{"line":0,"column":0},"end":{"line":0,"column":0},"skip":true},{"start":{"line":0,"column":0},"end":{"line":0,"column":0},"skip":true}]},"16":{"line":37,"type":"binary-expr","locations":[{"start":{"line":9,"column":23},"end":{"line":9,"column":23}},{"start":{"line":9,"column":23},"end":{"line":9,"column":23}}]},"17":{"line":77,"type":"cond-expr","locations":[{"start":{"line":39,"column":74},"end":{"line":39,"column":48}},{"start":{"line":39,"column":82},"end":{"line":39,"column":34}}]},"18":{"line":98,"type":"if","locations":[{"start":{"line":54,"column":0},"end":{"line":54,"column":0}},{"start":{"line":54,"column":0},"end":{"line":54,"column":0}}]},"19":{"line":98,"type":"binary-expr","locations":[{"start":{"line":54,"column":4},"end":{"line":54,"column":4}},{"start":{"line":54,"column":20},"end":{"line":54,"column":4}},{"start":{"line":54,"column":43},"end":{"line":54,"column":0}}]}}}}