TN:
SF:/Users/mcparron/workspace/react-pretty-input/src/components/PrettyInputText.spec.js
FN:9,_interopRequireDefault
FN:11,(anonymous_2)
FN:13,(anonymous_3)
FN:15,(anonymous_4)
FN:16,(anonymous_5)
FN:37,(anonymous_6)
FN:57,(anonymous_7)
FN:66,onValidation
FN:69,onChange
FN:70,onKeyPress
FN:92,(anonymous_11)
FN:93,(anonymous_12)
FN:104,onValidation
FN:107,onChange
FN:108,onKeyPress
FNF:15
FNH:11
FNDA:1,_interopRequireDefault
FNDA:1,(anonymous_2)
FNDA:4,(anonymous_3)
FNDA:1,(anonymous_4)
FNDA:1,(anonymous_5)
FNDA:1,(anonymous_6)
FNDA:1,(anonymous_7)
FNDA:0,onValidation
FNDA:0,onChange
FNDA:0,onKeyPress
FNDA:1,(anonymous_11)
FNDA:1,(anonymous_12)
FNDA:2,onValidation
FNDA:2,onChange
FNDA:0,onKeyPress
DA:0,1
DA:2,1
DA:3,1
DA:5,1
DA:7,1
DA:11,1
DA:12,1
DA:13,1
DA:19,1
DA:20,1
DA:21,1
DA:22,1
DA:23,1
DA:24,1
DA:25,1
DA:26,1
DA:27,1
DA:28,1
DA:29,1
DA:30,1
DA:31,1
DA:32,1
DA:35,1
DA:36,1
DA:42,1
DA:43,1
DA:44,1
DA:45,1
DA:46,1
DA:47,1
DA:48,1
DA:49,1
DA:50,1
DA:51,1
DA:52,1
DA:53,1
DA:54,1
DA:57,1
DA:58,1
DA:67,0
DA:75,1
DA:76,1
DA:77,1
DA:78,1
DA:79,1
DA:80,1
DA:81,1
DA:82,1
DA:83,1
DA:84,1
DA:85,1
DA:86,1
DA:87,1
DA:88,1
DA:93,1
DA:94,1
DA:95,1
DA:96,1
DA:97,1
DA:106,2
DA:114,1
DA:115,1
DA:116,1
DA:117,1
DA:119,1
DA:120,1
DA:121,1
DA:122,1
DA:123,1
DA:125,1
DA:126,1
DA:127,1
DA:128,1
DA:129,1
DA:130,1
DA:131,1
DA:133,1
DA:134,1
DA:135,1
DA:137,1
DA:138,1
DA:139,1
DA:140,1
DA:141,1
DA:143,1
DA:144,1
DA:145,1
LF:87
LH:86
BRDA:9,1,0,0
BRDA:9,1,1,1
BRDA:9,2,0,1
BRDA:9,2,1,1
BRDA:67,3,0,0
BRDA:67,3,1,0
BRDA:105,4,0,1
BRDA:105,4,1,1
BRF:8
BRH:6
end_of_record
TN:
SF:/Users/mcparron/workspace/react-pretty-input/src/index.js
FN:11,get
FN:20,get
FN:25,_interopRequireDefault
FNF:3
FNH:3
FNDA:13,get
FNDA:0,get
FNDA:13,_interopRequireDefault
DA:0,13
LF:1
LH:1
BRDA:25,1,0,13
BRDA:25,1,1,0
BRDA:25,2,0,13
BRDA:25,2,1,13
BRF:4
BRH:4
end_of_record
TN:
SF:/Users/mcparron/workspace/react-pretty-input/src/components/PrettyInputText.js
FN:7,(anonymous_1)
FN:7,defineProperties
FN:7,(anonymous_3)
FN:21,_interopRequireDefault
FN:23,_classCallCheck
FN:25,_possibleConstructorReturn
FN:27,_inherits
FN:29,(anonymous_8)
FN:32,PrettyInputText
FN:52,componentDidMount
FN:55,handleTextInputChange
FN:73,handleTextInputOnFocus
FN:78,handleTextInputOnBlur
FN:86,handleOnKeyPress
FN:95,render
FN:141,getDerivedStateFromProps
FN:177,onValidation
FNF:17
FNH:16
FNDA:1,(anonymous_1)
FNDA:2,defineProperties
FNDA:1,(anonymous_3)
FNDA:3,_interopRequireDefault
FNDA:7,_classCallCheck
FNDA:7,_possibleConstructorReturn
FNDA:1,_inherits
FNDA:1,(anonymous_8)
FNDA:7,PrettyInputText
FNDA:7,componentDidMount
FNDA:2,handleTextInputChange
FNDA:2,handleTextInputOnFocus
FNDA:2,handleTextInputOnBlur
FNDA:0,handleOnKeyPress
FNDA:15,render
FNDA:15,getDerivedStateFromProps
FNDA:0,onValidation
DA:0,7
DA:2,1
DA:3,1
DA:4,1
DA:8,7
DA:11,7
DA:17,7
DA:18,7
DA:19,7
DA:20,7
DA:28,15
DA:29,8
DA:31,7
DA:34,15
DA:38,2
DA:39,2
DA:40,1
DA:41,1
DA:44,1
DA:45,1
DA:48,2
DA:49,2
DA:55,2
DA:59,2
DA:60,2
DA:61,1
DA:66,0
DA:67,0
DA:68,0
DA:74,15
DA:75,15
DA:76,5
DA:78,15
DA:79,15
DA:80,6
DA:82,15
DA:83,8
DA:85,15
DA:110,1
DA:126,1
DA:132,0
LF:41
LH:37
BRDA:7,1,0,7
BRDA:7,1,1,7
BRDA:7,2,0,7
BRDA:7,2,1,0
BRDA:7,3,0,1
BRDA:7,3,1,0
BRDA:7,4,0,1
BRDA:7,4,1,0
BRDA:21,5,0,0
BRDA:21,5,1,3
BRDA:21,6,0,3
BRDA:21,6,1,3
BRDA:23,7,0,0
BRDA:23,7,1,7
BRDA:25,8,0,0
BRDA:25,8,1,7
BRDA:25,9,0,0
BRDA:25,9,1,7
BRDA:25,10,0,7
BRDA:25,10,1,0
BRDA:25,10,2,0
BRDA:27,11,0,0
BRDA:27,11,1,1
BRDA:27,12,0,1
BRDA:27,12,1,0
BRDA:27,13,0,1
BRDA:27,13,1,1
BRDA:27,14,0,1
BRDA:27,14,1,0
BRDA:27,15,0,1
BRDA:27,15,1,0
BRDA:35,16,0,7
BRDA:35,16,1,0
BRDA:38,17,0,3
BRDA:38,17,1,4
BRDA:56,18,0,2
BRDA:56,18,1,0
BRDA:57,19,0,1
BRDA:57,19,1,1
BRDA:58,20,0,1
BRDA:58,20,1,0
BRDA:62,21,0,1
BRDA:62,21,1,0
BRDA:66,22,0,2
BRDA:66,22,1,0
BRDA:80,23,0,1
BRDA:80,23,1,1
BRDA:87,24,0,0
BRDA:87,24,1,0
BRDA:88,25,0,0
BRDA:88,25,1,0
BRDA:97,26,0,5
BRDA:97,26,1,10
BRDA:101,27,0,6
BRDA:101,27,1,9
BRDA:104,28,0,8
BRDA:104,28,1,7
BRDA:128,29,0,8
BRDA:128,29,1,7
BRDA:142,30,0,8
BRDA:142,30,1,7
BRF:61
BRH:52
end_of_record
TN:
SF:/Users/mcparron/workspace/react-pretty-input/src/components/PrettyInputTextArea.js
FN:7,(anonymous_1)
FN:7,defineProperties
FN:7,(anonymous_3)
FN:21,_interopRequireDefault
FN:23,_classCallCheck
FN:25,_possibleConstructorReturn
FN:27,_inherits
FN:29,defaultOnValidation
FN:33,(anonymous_9)
FN:36,PrettyInputTextArea
FN:56,handleTextInputChange
FN:72,handleTextInputOnFocus
FN:77,handleTextInputOnBlur
FN:85,render
FNF:14
FNH:12
FNDA:1,(anonymous_1)
FNDA:1,defineProperties
FNDA:1,(anonymous_3)
FNDA:3,_interopRequireDefault
FNDA:0,_classCallCheck
FNDA:0,_possibleConstructorReturn
FNDA:1,_inherits
FNDA:0,defaultOnValidation
FNDA:1,(anonymous_9)
FNDA:0,PrettyInputTextArea
FNDA:0,handleTextInputChange
FNDA:0,handleTextInputOnFocus
FNDA:0,handleTextInputOnBlur
FNDA:0,render
DA:0,4
DA:2,1
DA:3,1
DA:4,1
DA:6,1
DA:10,1
DA:13,0
DA:20,0
DA:21,0
DA:22,0
DA:26,0
DA:27,0
DA:28,0
DA:29,0
DA:32,0
DA:33,0
DA:34,0
DA:37,0
DA:41,0
DA:45,0
DA:46,0
DA:47,0
DA:52,0
DA:53,0
DA:54,0
DA:55,0
DA:57,0
DA:58,0
DA:59,0
DA:61,0
DA:62,0
DA:64,0
DA:89,1
DA:99,1
LF:34
LH:8
BRDA:7,1,0,4
BRDA:7,1,1,4
BRDA:7,2,0,4
BRDA:7,2,1,0
BRDA:7,3,0,1
BRDA:7,3,1,0
BRDA:7,4,0,0
BRDA:7,4,1,1
BRDA:21,5,0,0
BRDA:21,5,1,3
BRDA:21,6,0,3
BRDA:21,6,1,3
BRDA:23,7,0,0
BRDA:23,7,1,0
BRDA:25,8,0,0
BRDA:25,8,1,0
BRDA:25,9,0,0
BRDA:25,9,1,0
BRDA:25,10,0,0
BRDA:25,10,1,0
BRDA:25,10,2,0
BRDA:27,11,0,0
BRDA:27,11,1,1
BRDA:27,12,0,1
BRDA:27,12,1,0
BRDA:27,13,0,1
BRDA:27,13,1,1
BRDA:27,14,0,1
BRDA:27,14,1,0
BRDA:27,15,0,1
BRDA:27,15,1,0
BRDA:39,16,0,0
BRDA:39,16,1,0
BRDA:57,17,0,0
BRDA:57,17,1,0
BRDA:59,18,0,0
BRDA:59,18,1,0
BRDA:64,19,0,0
BRDA:64,19,1,0
BRDA:79,20,0,0
BRDA:79,20,1,0
BRDA:86,21,0,0
BRDA:86,21,1,0
BRDA:88,22,0,0
BRDA:88,22,1,0
BRDA:92,23,0,0
BRDA:92,23,1,0
BRDA:95,24,0,0
BRDA:95,24,1,0
BRDA:112,25,0,0
BRDA:112,25,1,0
BRDA:117,26,0,0
BRDA:117,26,1,0
BRF:53
BRH:31
end_of_record
TN:
SF:/Users/mcparron/workspace/react-pretty-input/src/demo.spec.js
FN:13,_interopRequireDefault
FN:15,(anonymous_2)
FN:18,(anonymous_3)
FN:22,(anonymous_4)
FNF:4
FNH:4
FNDA:2,_interopRequireDefault
FNDA:1,(anonymous_2)
FNDA:1,(anonymous_3)
FNDA:1,(anonymous_4)
DA:0,2
DA:2,1
DA:3,1
DA:4,1
DA:6,1
DA:7,1
DA:9,1
DA:10,1
DA:13,1
DA:14,1
DA:15,1
LF:11
LH:11
BRDA:13,1,0,1
BRDA:13,1,1,1
BRDA:13,2,0,2
BRDA:13,2,1,2
BRF:4
BRH:4
end_of_record
TN:
SF:/Users/mcparron/workspace/react-pretty-input/src/demo.js
FN:7,(anonymous_1)
FN:7,defineProperties
FN:7,(anonymous_3)
FN:23,_interopRequireDefault
FN:25,_classCallCheck
FN:27,_possibleConstructorReturn
FN:29,_inherits
FN:31,(anonymous_8)
FN:34,App
FN:49,render
FN:58,onChange
FN:73,onChange
FN:76,onValidation
FN:84,onChange
FNF:14
FNH:10
FNDA:1,(anonymous_1)
FNDA:1,defineProperties
FNDA:1,(anonymous_3)
FNDA:3,_interopRequireDefault
FNDA:1,_classCallCheck
FNDA:1,_possibleConstructorReturn
FNDA:1,_inherits
FNDA:1,(anonymous_8)
FNDA:1,App
FNDA:1,render
FNDA:0,onChange
FNDA:0,onChange
FNDA:0,onValidation
FNDA:0,onChange
DA:0,3
DA:2,1
DA:3,1
DA:4,1
DA:5,1
DA:9,1
DA:12,1
DA:19,1
DA:20,1
DA:26,0
DA:28,1
DA:38,0
DA:39,0
DA:45,0
DA:54,1
DA:55,0
LF:16
LH:11
BRDA:7,1,0,1
BRDA:7,1,1,1
BRDA:7,2,0,1
BRDA:7,2,1,0
BRDA:7,3,0,1
BRDA:7,3,1,0
BRDA:7,4,0,0
BRDA:7,4,1,1
BRDA:23,5,0,0
BRDA:23,5,1,3
BRDA:23,6,0,3
BRDA:23,6,1,3
BRDA:25,7,0,0
BRDA:25,7,1,1
BRDA:27,8,0,0
BRDA:27,8,1,1
BRDA:27,9,0,0
BRDA:27,9,1,1
BRDA:27,10,0,1
BRDA:27,10,1,0
BRDA:27,10,2,0
BRDA:29,11,0,0
BRDA:29,11,1,1
BRDA:29,12,0,1
BRDA:29,12,1,0
BRDA:29,13,0,1
BRDA:29,13,1,1
BRDA:29,14,0,1
BRDA:29,14,1,0
BRDA:29,15,0,1
BRDA:29,15,1,0
BRDA:37,16,0,1
BRDA:37,16,1,0
BRDA:77,17,0,0
BRDA:77,17,1,0
BRDA:98,18,0,0
BRDA:98,18,1,1
BRDA:98,19,0,1
BRDA:98,19,1,1
BRDA:98,19,2,1
BRF:40
BRH:36
end_of_record
